     1                                 %line 1+1 square-of-sum.asm
     2                                 [section .data]
     3                                  EXIT_SUCCESS equ 0
     4                                  SYS_exit equ 60
     5 00000000 0A000000                n dd 10
     6 00000004 0000000000000000        sum dq 0
     7                                 
     8                                 [section .text]
     9                                 [global _start]
    10                                 
    11                                 _start:
    12                                 
    13                                 
    14                                 
    15                                 
    16                                 
    17                                 
    18                                 
    19 00000000 48C7C301000000          mov rbx, 1
    20 00000007 8B0C25[00000000]        mov ecx, dword [n]
    21                                 loopSum:
    22 0000000E 4889D8                  mov rax, rbx
    23 00000011 48010425[00000000]      add qword [sum], rax
    24 00000019 48FFC3                  inc rbx
    25 0000001C E2EE                    loop loopSum
    26                                 last:
    27 0000001E 48C7C000000000          mov rax, 0
    28 00000025 488B0425[00000000]      mov rax, qword [sum]
    29 0000002D 48F7E0                  mul rax
    30 00000030 48890425[00000000]      mov qword [sum], rax
    31 00000038 48C7C03C000000          mov rax, SYS_exit
    32 0000003F 48C7C700000000          mov rdi, EXIT_SUCCESS
    33 00000046 0F05                    syscall
