     1                                 %line 1+1 unsigned_operations.asm
     2                                 [section .data]
     3                                  EXIT_SUCCESS equ 0
     4                                  SYS_exit equ 60
     5 00000000 10                      bNum1 db 16
     6 00000001 0F                      bNum2 db 15
     7 00000002 08                      bNum3 db 8
     8 00000003 04                      bNum4 db 4
     9 00000004 2A00                    wNum1 dw 42
    10 00000006 00                      bAns1 db 0
    11 00000007 00                      bAns2 db 0
    12 00000008 00                      bAns3 db 0
    13 00000009 00                      bAns4 db 0
    14 0000000A 00                      bAns5 db 0
    15 0000000B 00                      bAns6 db 0
    16 0000000C 00                      bAns7 db 0
    17 0000000D 00                      bAns8 db 0
    18 0000000E 0000                    wAns11 dw 0
    19 00000010 0000                    wAns12 dw 0
    20 00000012 0000                    wAns13 dw 0
    21 00000014 00                      bAns16 db 0
    22 00000015 00                      bAns17 db 0
    23 00000016 00                      bAns18 db 0
    24 00000017 00                      bRem18 db 0
    25                                 
    26                                 [section .text]
    27                                 [global _start]
    28                                 
    29                                 _start:
    30                                 
    31 00000000 8A0425[00000000]        mov al, byte [bNum1]
    32 00000007 020425[00000000]        add al, byte [bNum2]
    33 0000000E 880425[00000000]        mov byte [bAns1], al
    34                                 
    35 00000015 8A0425[00000000]        mov al, byte [bNum1]
    36 0000001C 020425[00000000]        add al, byte [bNum3]
    37 00000023 880425[00000000]        mov byte [bAns2], al
    38                                 
    39 0000002A 8A0425[00000000]        mov al, byte [bNum3]
    40 00000031 020425[00000000]        add al, byte [bNum4]
    41 00000038 880425[00000000]        mov byte [bAns3], al
    42                                 
    43 0000003F 8A0425[00000000]        mov al, byte [bNum1]
    44 00000046 2A0425[00000000]        sub al, byte [bNum2]
    45 0000004D 880425[00000000]        mov byte [bAns6], al
    46                                 
    47 00000054 8A0425[00000000]        mov al, byte [bNum1]
    48 0000005B 2A0425[00000000]        sub al, byte [bNum3]
    49 00000062 880425[00000000]        mov byte [bAns7], al
    50                                 
    51 00000069 8A0425[00000000]        mov al, byte [bNum2]
    52 00000070 2A0425[00000000]        sub al, byte [bNum4]
    53 00000077 880425[00000000]        mov byte [bAns8], al
    54                                 
    55 0000007E 8A0425[00000000]        mov al, byte [bNum1]
    56 00000085 F62425[00000000]        mul byte [bNum3]
    57 0000008C 66890425[00000000]      mov word [wAns11], ax
    58                                 
    59 00000094 8A0425[00000000]        mov al, byte [bNum2]
    60 0000009B F6E0                    mul al
    61 0000009D 66890425[00000000]      mov word [wAns12], ax
    62                                 
    63 000000A5 8A0425[00000000]        mov al, byte [bNum2]
    64 000000AC F62425[00000000]        mul byte [bNum4]
    65 000000B3 66890425[00000000]      mov word [wAns13], ax
    66                                 
    67 000000BB 66B80000                mov ax, 0
    68 000000BF 8A0425[00000000]        mov al, byte [bNum1]
    69 000000C6 F63425[00000000]        div byte [bNum2]
    70 000000CD 880425[00000000]        mov byte [bAns16], al
    71                                 
    72 000000D4 66B80000                mov ax, 0
    73 000000D8 8A0425[00000000]        mov al, byte [bNum3]
    74 000000DF F63425[00000000]        div byte [bNum4]
    75 000000E6 880425[00000000]        mov byte [bAns17], al
    76                                 
    77 000000ED 66B80000                mov ax, 0
    78 000000F1 668B0425[00000000]      mov ax, word [wNum1]
    79 000000F9 F63425[00000000]        div byte [bNum4]
    80 00000100 880425[00000000]        mov byte [bAns18], al
    81                                 
    82 00000107 882425[00000000]        mov byte [bRem18], ah
    83                                 
    84                                 last:
    85 0000010E 48C7C03C000000          mov rax, SYS_exit
    86 00000115 48C7C700000000          mov rdi, EXIT_SUCCESS
    87 0000011C 0F05                    syscall
    88                                 
