     1                                 %line 1+1 sum_of_squares.asm
     2                                 [section .data]
     3                                  EXIT_SUCCESS equ 0
     4                                  SYS_exit equ 60
     5 00000000 0A000000                n dd 10
     6 00000004 0000000000000000        sum dq 0
     7                                 
     8                                 [section .text]
     9                                 [global _start]
    10                                 
    11                                 _start:
    12                                 
    13                                 
    14                                 
    15                                 
    16                                 
    17                                 
    18 00000000 48C7C301000000          mov rbx, 1
    19 00000007 8B0C25[00000000]        mov ecx, dword [n]
    20                                 loopSum:
    21 0000000E 4889D8                  mov rax, rbx
    22 00000011 48F7E0                  mul rax
    23 00000014 48010425[00000000]      add qword [sum], rax
    24 0000001C 48FFC3                  inc rbx
    25 0000001F E2EB                    loop loopSum
    26                                 
    27                                 
    28                                 last:
    29 00000021 48C7C03C000000          mov rax, SYS_exit
    30 00000028 48C7C700000000          mov rdi, EXIT_SUCCESS
    31 0000002F 0F05                    syscall
    32                                 
