     1                                 %line 1+1 chapter_9/is-palindrome/is_palindrome.asm
     2                                 [section .data]
     3                                  EXIT_SUCCESS equ 0
     4                                  SYS_exit equ 60
     5                                  TRUE equ 1
     6                                  FALSE equ 0
     7 00000000 6B6179616B00            var_palindrome db "kayak", 0
     8 00000006 63616E6F6500            var_notPalindrome db "canoe", 0
     9 0000000C 02                      result db 2
    10                                 
    11                                 [section .text]
    12                                 [global _start]
    13                                 
    14                                 _start:
    15 00000000 48C7C105000000          mov rcx, 5
    16 00000007 49C7C400000000          mov r12, 0
    17 0000000E 48C7C000000000          mov rax, 0
    18                                 pushOnStack:
    19 00000015 418A8424[00000000]      mov al, byte [var_palindrome+r12]
    20 0000001D 480FB6C0                movzx rax, al
    21 00000021 50                      push rax
    22 00000022 49FFC4                  inc r12
    23 00000025 E2EC                    loop pushOnStack
    24 00000027 48C7C105000000          mov rcx, 5
    25 0000002E 49C7C400000000          mov r12, 0
    26 00000035 48C7C000000000          mov rax, 0
    27                                 comparaisonLoop:
    28 0000003C 58                      pop rax
    29 0000003D 418A9C24[00000000]      mov bl, byte [var_palindrome+r12]
    30 00000045 480FB6DB                movzx rbx, bl
    31 00000049 49FFC4                  inc r12
    32 0000004C 4839D8                  cmp rax, rbx
    33 0000004F 750A                    jne notPalindrome
    34 00000051 E2E7                    loop comparaisonLoop
    35 00000053 C60425[00000000]01      mov byte [result], TRUE
    36 0000005B EB08                    jmp last
    37                                 notPalindrome:
    38 0000005D C60425[00000000]00      mov byte [result], FALSE
    39 00000065 EBFE                    jmp last
    40                                 
    41                                 last:
    42 00000067 48C7C03C000000          mov rax, SYS_exit
    43 0000006E 48C7C700000000          mov rdi, EXIT_SUCCESS
    44 00000075 0F05                    syscall
